Unity Editor version:    2020.3.24f1 (79c78de19888)
Branch:                  2020.3/staging
Build type:              Release
Batch mode:              YES
macOS version:           Version 12.0.1 (Build 21A559)
Darwin version:          21.1.0
Architecture:            x86_64
Running under Rosetta:   NO
Available memory:        8192 MB
Using pre-set license
Pro License: NO

COMMAND LINE ARGUMENTS:
/Applications/Unity/Hub/Editor/2020.3.24f1/Unity.app/Contents/MacOS/Unity
-adb2
-batchMode
-noUpm
-name
AssetImportWorker0
-projectPath
/Users/christophebard/Downloads/ar-portal-arfoundation-master
-logFile
Logs/AssetImportWorker0.log
-srvPort
49228
Successfully changed project path to: /Users/christophebard/Downloads/ar-portal-arfoundation-master
/Users/christophebard/Downloads/ar-portal-arfoundation-master
Using Asset Import Pipeline V2.
Refreshing native plugins compatible for Editor in 364.48 ms, found 5 plugins.
Preloading 0 native plugins for Editor in 0.00 ms.
Initialize engine version: 2020.3.24f1 (79c78de19888)
[Subsystems] Discovering subsystems at path /Applications/Unity/Hub/Editor/2020.3.24f1/Unity.app/Contents/Resources/UnitySubsystems
[Subsystems] Discovering subsystems at path /Users/christophebard/Downloads/ar-portal-arfoundation-master/Assets
GfxDevice: creating device client; threaded=0
2022-01-20 15:50:44.962 Unity[12615:224907] Color LCD preferred device: Intel(R) Iris(TM) Plus Graphics 655 (low power)
2022-01-20 15:50:44.962 Unity[12615:224907] Metal devices available: 1
2022-01-20 15:50:44.962 Unity[12615:224907] 0: Intel(R) Iris(TM) Plus Graphics 655 (low power)
2022-01-20 15:50:44.963 Unity[12615:224907] Using device Intel(R) Iris(TM) Plus Graphics 655 (low power)
Initializing Metal device caps: Intel(R) Iris(TM) Plus Graphics 655
Initialize mono
Mono path[0] = '/Applications/Unity/Hub/Editor/2020.3.24f1/Unity.app/Contents/Managed'
Mono path[1] = '/Applications/Unity/Hub/Editor/2020.3.24f1/Unity.app/Contents/MonoBleedingEdge/lib/mono/unityjit'
Mono config path = '/Applications/Unity/Hub/Editor/2020.3.24f1/Unity.app/Contents/MonoBleedingEdge/etc'
Using monoOptions --debugger-agent=transport=dt_socket,embedding=1,server=y,suspend=n,address=127.0.0.1:56615
Begin MonoManager ReloadAssembly
Registering precompiled unity dll's ...
Register platform support module: /Applications/Unity/Hub/Editor/2020.3.24f1/PlaybackEngines/WebGLSupport/UnityEditor.WebGL.Extensions.dll
Register platform support module: /Applications/Unity/Hub/Editor/2020.3.24f1/Unity.app/Contents/PlaybackEngines/MacStandaloneSupport/UnityEditor.OSXStandalone.Extensions.dll
Registered in 0.005695 seconds.
Native extension for OSXStandalone target not found
Native extension for WebGL target not found
Refreshing native plugins compatible for Editor in 102.95 ms, found 5 plugins.
Preloading 0 native plugins for Editor in 0.00 ms.
Mono: successfully reloaded assembly
- Completed reload, in  1.126 seconds
Domain Reload Profiling:
	ReloadAssembly (1126ms)
		BeginReloadAssembly (131ms)
			ExecutionOrderSort (0ms)
			DisableScriptedObjects (0ms)
			BackupInstance (0ms)
			ReleaseScriptingObjects (0ms)
			CreateAndSetChildDomain (1ms)
		EndReloadAssembly (842ms)
			LoadAssemblies (133ms)
			RebuildTransferFunctionScriptingTraits (0ms)
			SetupTypeCache (324ms)
			ReleaseScriptCaches (0ms)
			RebuildScriptCaches (39ms)
			SetupLoadedEditorAssemblies (334ms)
				LogAssemblyErrors (0ms)
				InitializePlatformSupportModulesInManaged (8ms)
				SetLoadedEditorAssemblies (0ms)
				RefreshPlugins (103ms)
				BeforeProcessingInitializeOnLoad (43ms)
				ProcessInitializeOnLoadAttributes (140ms)
				ProcessInitializeOnLoadMethodAttributes (40ms)
				AfterProcessingInitializeOnLoad (0ms)
				EditorAssembliesLoaded (0ms)
			ExecutionOrderSort2 (0ms)
			AwakeInstancesAfterBackupRestoration (0ms)
Platform modules already initialized, skipping
Registering precompiled user dll's ...
Registered in 0.005912 seconds.
Begin MonoManager ReloadAssembly
Native extension for OSXStandalone target not found
Native extension for WebGL target not found
Refreshing native plugins compatible for Editor in 90.53 ms, found 5 plugins.
Preloading 0 native plugins for Editor in 0.00 ms.
Mono: successfully reloaded assembly
Fallback handler could not load library /Applications/Unity/Hub/Editor/2020.3.24f1/Unity.app/Contents/Frameworks/Mono/lib/libAssets/Allegorithmic/Plugins/Substance/Substance Engine/Editor/SubstanceLink/libsubstance_link.dylib
Fallback handler could not load library /Applications/Unity/Hub/Editor/2020.3.24f1/Unity.app/Contents/Frameworks/Mono/lib/libAssets/Allegorithmic/Plugins/Substance/Substance Engine/Editor/SubstanceLink/libsubstance_link.dylib
Fallback handler could not load library /Applications/Unity/Hub/Editor/2020.3.24f1/Unity.app/Contents/Frameworks/Mono/lib/libAssets/Allegorithmic/Plugins/Substance/Substance Engine/Editor/SubstanceLink/libsubstance_link.dylib.so
Fallback handler could not load library /Applications/Unity/Hub/Editor/2020.3.24f1/Unity.app/Contents/Frameworks/Mono/lib/libAssets/Allegorithmic/Plugins/Substance/Substance Engine/Editor/SubstanceLink/libsubstance_link.dylib.bundle
Fallback handler could not load library /Applications/Unity/Hub/Editor/2020.3.24f1/Unity.app/Contents/Frameworks/Mono/lib/libAssets/Allegorithmic/Plugins/Substance/Substance Engine/Editor/SubstanceLink/libsubstance_link.dylib
Fallback handler could not load library /Applications/Unity/Hub/Editor/2020.3.24f1/Unity.app/Contents/Frameworks/Mono/lib/libAssets/Allegorithmic/Plugins/Substance/Substance Engine/Editor/SubstanceLink/libsubstance_link.dylib
Fallback handler could not load library /Applications/Unity/Hub/Editor/2020.3.24f1/Unity.app/Contents/Frameworks/Mono/lib/libAssets/Allegorithmic/Plugins/Substance/Substance Engine/Editor/SubstanceLink/libsubstance_link.dylib.so
Fallback handler could not load library /Applications/Unity/Hub/Editor/2020.3.24f1/Unity.app/Contents/Frameworks/Mono/lib/libAssets/Allegorithmic/Plugins/Substance/Substance Engine/Editor/SubstanceLink/libsubstance_link.dylib.bundle
Fallback handler could not load library /Applications/Unity/Hub/Editor/2020.3.24f1/Unity.app/Contents/Frameworks/Mono/lib/libAssets/Allegorithmic/Plugins/Substance/Substance Engine/Editor/SubstanceLink/libsubstance_link.dylib
Fallback handler could not load library /Applications/Unity/Hub/Editor/2020.3.24f1/Unity.app/Contents/Frameworks/Mono/lib/libAssets/Allegorithmic/Plugins/Substance/Substance Engine/Editor/SubstanceLink/libsubstance_link.dylib
Fallback handler could not load library /Applications/Unity/Hub/Editor/2020.3.24f1/Unity.app/Contents/Frameworks/Mono/lib/libAssets/Allegorithmic/Plugins/Substance/Substance Engine/Editor/SubstanceLink/libsubstance_link.dylib.so
Fallback handler could not load library /Applications/Unity/Hub/Editor/2020.3.24f1/Unity.app/Contents/Frameworks/Mono/lib/libAssets/Allegorithmic/Plugins/Substance/Substance Engine/Editor/SubstanceLink/libsubstance_link.dylib.bundle
Fallback handler could not load library /Applications/Unity/Hub/Editor/2020.3.24f1/Unity.app/Contents/Frameworks/Mono/lib/libAssets/Allegorithmic/Plugins/Substance/Substance Engine/Editor/SubstanceLink/libsubstance_link.dylib
Fallback handler could not load library /Applications/Unity/Hub/Editor/2020.3.24f1/Unity.app/Contents/Frameworks/Mono/lib/libAssets/Allegorithmic/Plugins/Substance/Substance Engine/Editor/SubstanceLink/libsubstance_link.dylib
Fallback handler could not load library /Applications/Unity/Hub/Editor/2020.3.24f1/Unity.app/Contents/Frameworks/Mono/lib/libAssets/Allegorithmic/Plugins/Substance/Substance Engine/Editor/SubstanceLink/libsubstance_link.dylib.so
Fallback handler could not load library /Applications/Unity/Hub/Editor/2020.3.24f1/Unity.app/Contents/Frameworks/Mono/lib/libAssets/Allegorithmic/Plugins/Substance/Substance Engine/Editor/SubstanceLink/libsubstance_link.dylib.bundle
Fallback handler could not load library /Applications/Unity/Hub/Editor/2020.3.24f1/Unity.app/Contents/Frameworks/Mono/lib/libAssets/Allegorithmic/Plugins/Substance/Substance Engine/Editor/SubstanceLink/libsubstance_link.dylib
Fallback handler could not load library /Applications/Unity/Hub/Editor/2020.3.24f1/Unity.app/Contents/Frameworks/Mono/lib/libAssets/Allegorithmic/Plugins/Substance/Substance Engine/Editor/SubstanceLink/libsubstance_link.dylib
Fallback handler could not load library /Applications/Unity/Hub/Editor/2020.3.24f1/Unity.app/Contents/Frameworks/Mono/lib/libAssets/Allegorithmic/Plugins/Substance/Substance Engine/Editor/SubstanceLink/libsubstance_link.dylib.so
Fallback handler could not load library /Applications/Unity/Hub/Editor/2020.3.24f1/Unity.app/Contents/Frameworks/Mono/lib/libAssets/Allegorithmic/Plugins/Substance/Substance Engine/Editor/SubstanceLink/libsubstance_link.dylib.bundle
- Completed reload, in  1.605 seconds
Domain Reload Profiling:
	ReloadAssembly (1606ms)
		BeginReloadAssembly (196ms)
			ExecutionOrderSort (0ms)
			DisableScriptedObjects (6ms)
			BackupInstance (0ms)
			ReleaseScriptingObjects (0ms)
			CreateAndSetChildDomain (39ms)
		EndReloadAssembly (1317ms)
			LoadAssemblies (166ms)
			RebuildTransferFunctionScriptingTraits (0ms)
			SetupTypeCache (395ms)
			ReleaseScriptCaches (1ms)
			RebuildScriptCaches (73ms)
			SetupLoadedEditorAssemblies (420ms)
				LogAssemblyErrors (0ms)
				InitializePlatformSupportModulesInManaged (4ms)
				SetLoadedEditorAssemblies (0ms)
				RefreshPlugins (92ms)
				BeforeProcessingInitializeOnLoad (135ms)
				ProcessInitializeOnLoadAttributes (182ms)
				ProcessInitializeOnLoadMethodAttributes (6ms)
				AfterProcessingInitializeOnLoad (2ms)
				EditorAssembliesLoaded (0ms)
			ExecutionOrderSort2 (0ms)
			AwakeInstancesAfterBackupRestoration (8ms)
Platform modules already initialized, skipping
Validating Project structure ... 0.043507 seconds.
Shader import version has changed; will reimport all shaders...
Upgrading shader files ...0.134677 seconds.
Application.AssetDatabase Initial Script Refresh Start
RefreshInfo: InitialScriptRefreshV2(NoUpdateAssetOptions) scanfilter:  ... 1 filters
RefreshProfiler: Total: 0.000ms
Application.AssetDatabase Initial Script Refresh End
Application.AssetDatabase.Refresh Start
Application.AssetDatabase.Refresh End
RefreshInfo: StopAssetImportingV2(ForceSynchronousImport) scanfilter: 
RefreshProfiler: Total: 0.000ms
Launching external process: /Applications/Unity/Hub/Editor/2020.3.24f1/Unity.app/Contents/Tools/UnityShaderCompiler
Launched and connected shader compiler UnityShaderCompiler after 0.20 seconds
Initializing Unity extensions:
2022-01-20 15:50:52.708 Unity[12615:224907] NSEventModifierFlagFunction specified to -setKeyEquivalentModifierMask: for item <NSMenuItem: 0x600003a7b250 Font Asset, ke='Command-F12'>, but is only supported for system-provided menu items; will not be used
2022-01-20 15:50:52.715 Unity[12615:224907] NSEventModifierFlagFunction specified to -setKeyEquivalentModifierMask: for item <NSMenuItem: 0x600003a50d90 Font Asset, ke='Command-F12'>, but is only supported for system-provided menu items; will not be used
========================================================================
Worker process is ready to serve import requests
Refreshing native plugins compatible for Editor in 1.26 ms, found 5 plugins.
Preloading 0 native plugins for Editor in 0.00 ms.
Unloading 2964 Unused Serialized files (Serialized files now loaded: 0)
System memory in use before: 271.8 MB.
System memory in use after: 270.4 MB.

Unloading 225 unused Assets to reduce memory usage. Loaded Objects now: 3415.
Total: 11.313442 ms (FindLiveObjects: 1.062075 ms CreateObjectMapping: 0.332134 ms MarkObjects: 9.261477 ms  DeleteObjects: 0.655790 ms)

AssetImportParameters requested are different than current active one (requested -> active):
  custom:video-decoder-ogg-theora: a1e56fd34408186e4bbccfd4996cb3dc -> 
  custom:container-muxer-webm: aa71ff27fc2769a1b78a27578f13a17b -> 
  custom:container-demuxer-webm: 4f35f7cbe854078d1ac9338744f61a02 -> 
  custom:container-demuxer-ogg: 62fdf1f143b41e24485cea50d1cbac27 -> 
  custom:video-encoder-webm-vp8: eb34c28f22e8b96e1ab97ce403110664 -> 
  custom:framework-osx-AVFoundation: e770b220cccbd017edd2c1fefb359320 -> 
  custom:video-decoder-webm-vp8: 9c59270c3fd7afecdb556c50c9e8de78 -> 
  custom:audio-decoder-ogg-vorbis: bf7c407c2cedff20999df2af8eb42d56 -> 
  custom:audio-encoder-webm-vorbis: bf7c407c2cedff20999df2af8eb42d56 -> 
========================================================================
Received Import Request.
  path: Assets/Google Logo/Google Logo_Texture.jpg_specular.jpg
  artifactKey: Guid(1668549f35f4c4d0992aa2d75362e2ef) Importer(815301076,1909f56bfc062723c751e8b465ee728b)
Start importing Assets/Google Logo/Google Logo_Texture.jpg_specular.jpg using Guid(1668549f35f4c4d0992aa2d75362e2ef) Importer(815301076,1909f56bfc062723c751e8b465ee728b)  -> (artifact id: '27415b2b06b0295a4cb24308ed191ea3') in 0.997248 seconds 
  Import took 1.009243 seconds .

========================================================================
Received Import Request.
  Time since last request: 0.000449 seconds.
  path: Assets/Google Logo/Google Logo_Texture.jpg
  artifactKey: Guid(5f40c082de96745e2981725b0ca4e5c9) Importer(815301076,1909f56bfc062723c751e8b465ee728b)
Start importing Assets/Google Logo/Google Logo_Texture.jpg using Guid(5f40c082de96745e2981725b0ca4e5c9) Importer(815301076,1909f56bfc062723c751e8b465ee728b)  -> (artifact id: '6a295ba649b40d3c8a083ecb6339d50e') in 0.125303 seconds 
  Import took 0.131888 seconds .

========================================================================
Received Import Request.
  Time since last request: 0.000437 seconds.
  path: Assets/Coin/Materials/Coin.sbsar
  artifactKey: Guid(6b25a1b2bfcfd4e4bab55dec2b11dd80) Importer(815301076,1909f56bfc062723c751e8b465ee728b)
Start importing Assets/Coin/Materials/Coin.sbsar using Guid(6b25a1b2bfcfd4e4bab55dec2b11dd80) Importer(815301076,1909f56bfc062723c751e8b465ee728b)  -> (artifact id: '2851eb40c935de89475f37eb04026d2a') in 4.046618 seconds 
  Import took 4.058983 seconds .

========================================================================
Received Import Request.
  Time since last request: 0.000502 seconds.
  path: Assets/Google Logo/Google Logo.FBX
  artifactKey: Guid(37060a5f989de4a17b5f0ca739dd5e78) Importer(815301076,1909f56bfc062723c751e8b465ee728b)
Start importing Assets/Google Logo/Google Logo.FBX using Guid(37060a5f989de4a17b5f0ca739dd5e78) Importer(815301076,1909f56bfc062723c751e8b465ee728b)  -> (artifact id: '6259858723822080072cdc9859e2a3f9') in 0.317899 seconds 
  Import took 0.327608 seconds .

AssetImportWorkerClient::OnTransportError - code=2 error=End of file
